
Inactive Modules:
  1) defaultenv     2) lmod


Activating Modules:
  1) defaultenv/10     2) lmod/7.5.13

[m8g-1-2.rc.byu.edu:131566] mca: base: component_find: unable to open /apps/openmpi/1.10.7/gnu-4.8.5/lib/openmpi/mca_ess_pmi: libpmi.so.0: cannot open shared object file: No such file or directory (ignored)
[m8g-1-2.rc.byu.edu:131566] mca: base: component_find: unable to open /apps/openmpi/1.10.7/gnu-4.8.5/lib/openmpi/mca_db_pmi: libpmi.so.0: cannot open shared object file: No such file or directory (ignored)
[m8g-1-2.rc.byu.edu:131566] mca: base: component_find: unable to open /apps/openmpi/1.10.7/gnu-4.8.5/lib/openmpi/mca_grpcomm_pmi: libpmi.so.0: cannot open shared object file: No such file or directory (ignored)
Using TensorFlow backend.
Using TensorFlow backend.
Using TensorFlow backend.
Using TensorFlow backend.
Using TensorFlow backend.
Using TensorFlow backend.
Using TensorFlow backend.
Using TensorFlow backend.
Using TensorFlow backend.
Using TensorFlow backend.
Embedding already exists!
Each processor has at most 1 jobs
Time to rebalance: 7.656
Time to rebalance: 8.236
Time to rebalance: 12.204
Time to rebalance: 14.307
Time to rebalance: 16.2
Time to rebalance: 17.427
Time to rebalance: 21.81
Time to rebalance: 24.144
Time to rebalance: 25.227
Time to rebalance: 28.136
Finished fold 1 on processor 2
Finished fold 1 on processor 7
Finished fold 1 on processor 8
Finished fold 1 on processor 5
Finished fold 1 on processor 9
Finished fold 1 on processor 6
Finished fold 1 on processor 1
Finished fold 1 on processor 3
Finished fold 1 on processor 4
Finished fold 1 on processor 0
Finished cross validation!
Embedding already exists!
Each processor has at most 1 jobs
Time to rebalance: 6.173
Time to rebalance: 22.352
Finished fold 1 on processor 0
Finished fold 1 on processor 1
Finished cross validation!
Embedding already exists!
Each processor has at most 1 jobs
Time to rebalance: 23.746
Time to rebalance: 24.376
Time to rebalance: 36.411
Time to rebalance: 40.847
Time to rebalance: 43.666
Time to rebalance: 48.765
Time to rebalance: 59.687
Time to rebalance: 60.273
Time to rebalance: 70.141
Time to rebalance: 72.492
Finished fold 1 on processor 7
Finished fold 1 on processor 2
Finished fold 1 on processor 8
Finished fold 1 on processor 0
Finished fold 1 on processor 5
Finished fold 1 on processor 9
Finished fold 1 on processor 6
Finished fold 1 on processor 3
Finished fold 1 on processor 1
Finished fold 1 on processor 4
Finished cross validation!
Embedding already exists!
Each processor has at most 1 jobs
Time to rebalance: 18.989
Time to rebalance: 58.152
Finished fold 1 on processor 0
Finished fold 1 on processor 1
Finished cross validation!
Starting Embedding
Finished embedding colName
Time to embed 47.391
Each processor has at most 1 jobs
Time to rebalance: 7.502
Time to rebalance: 8.641
Time to rebalance: 12.046
Time to rebalance: 14.952
Time to rebalance: 16.881
Time to rebalance: 17.142
Time to rebalance: 23.257
Time to rebalance: 23.6
Time to rebalance: 24.613
Time to rebalance: 27.061
Finished fold 1 on processor 2
Finished fold 1 on processor 7
Finished fold 1 on processor 5
Finished fold 1 on processor 8
Finished fold 1 on processor 3
Finished fold 1 on processor 6
Finished fold 1 on processor 1
Finished fold 1 on processor 9
Finished fold 1 on processor 4
Finished fold 1 on processor 0
Finished cross validation!
Embedding already exists!
Each processor has at most 1 jobs
Time to rebalance: 5.525
Time to rebalance: 20.174
Finished fold 1 on processor 0
Finished fold 1 on processor 1
Finished cross validation!
Embedding already exists!
Each processor has at most 1 jobs
Time to rebalance: 19.191
Time to rebalance: 21.09
Time to rebalance: 31.376
Time to rebalance: 33.426
Time to rebalance: 34.784
Time to rebalance: 41.706
Time to rebalance: 48.476
Time to rebalance: 50.701
Time to rebalance: 60.257
Time to rebalance: 64.361
Finished fold 1 on processor 7
Finished fold 1 on processor 2
Finished fold 1 on processor 8
Finished fold 1 on processor 0
Finished fold 1 on processor 5
Finished fold 1 on processor 6
Finished fold 1 on processor 3
Finished fold 1 on processor 9
Finished fold 1 on processor 1
Finished fold 1 on processor 4
Finished cross validation!
Embedding already exists!
Each processor has at most 1 jobs
Time to rebalance: 17.297
Time to rebalance: 54.421
Finished fold 1 on processor 0
Finished fold 1 on processor 1
Finished cross validation!
Finished model RandomForestClassifier/sent2vec/ShuffleSplit_2/col_False
                                          classifier  ...   f1_score_weighted
0  RandomForestClassifier/SentenceTransformer/Gro...  ...  0.8194220066372485
0  RandomForestClassifier/SentenceTransformer/Shu...  ...  0.8779529959218093
0  RandomForestClassifier/SentenceTransformer/Gro...  ...   0.718999393240985
0  RandomForestClassifier/SentenceTransformer/Shu...  ...  0.9074242100294659
0  RandomForestClassifier/sent2vec/GroupShuffleSp...  ...  0.8224682250567777
0  RandomForestClassifier/sent2vec/ShuffleSplit_2...  ...  0.8813835984223415
0  RandomForestClassifier/sent2vec/GroupShuffleSp...  ...  0.6900930902105449
0  RandomForestClassifier/sent2vec/ShuffleSplit_2...  ...  0.9062957715979818

[8 rows x 5 columns]
