
Inactive Modules:
  1) defaultenv     2) lmod


Activating Modules:
  1) defaultenv/10     2) lmod/7.5.13

[m9g-1-3.rc.byu.edu:132660] mca: base: component_find: unable to open /apps/openmpi/1.10.7/gnu-4.8.5/lib/openmpi/mca_ess_pmi: libpmi.so.0: cannot open shared object file: No such file or directory (ignored)
[m9g-1-3.rc.byu.edu:132660] mca: base: component_find: unable to open /apps/openmpi/1.10.7/gnu-4.8.5/lib/openmpi/mca_db_pmi: libpmi.so.0: cannot open shared object file: No such file or directory (ignored)
[m9g-1-3.rc.byu.edu:132660] mca: base: component_find: unable to open /apps/openmpi/1.10.7/gnu-4.8.5/lib/openmpi/mca_grpcomm_pmi: libpmi.so.0: cannot open shared object file: No such file or directory (ignored)
Using TensorFlow backend.
Using TensorFlow backend.
Using TensorFlow backend.
Using TensorFlow backend.
Using TensorFlow backend.
Using TensorFlow backend.
Using TensorFlow backend.
Using TensorFlow backend.
Using TensorFlow backend.
Using TensorFlow backend.
Embedding already exists!
Each processor has at most 1 jobs
Time to rebalance: 4.804
Time to rebalance: 7.889
Time to rebalance: 10.489
Time to rebalance: 12.996
Time to rebalance: 15.419
Time to rebalance: 15.497
Time to rebalance: 19.929
Time to rebalance: 20.903
Time to rebalance: 21.311
Time to rebalance: 21.587
Finished fold 1 on processor 2
Finished fold 1 on processor 7
Finished fold 1 on processor 8
Finished fold 1 on processor 5
Finished fold 1 on processor 1
Finished fold 1 on processor 9
Finished fold 1 on processor 6
Finished fold 1 on processor 3
Finished fold 1 on processor 4
Finished fold 1 on processor 0
Finished cross validation!
Embedding already exists!
Each processor has at most 1 jobs
Time to rebalance: 3.657
Time to rebalance: 16.897
Finished fold 1 on processor 0
Finished fold 1 on processor 1
Finished cross validation!
Starting Embedding
/fslhome/ebensonm/.local/lib/python3.8/site-packages/transformers/tokenization_utils.py:828: FutureWarning: Parameter max_len is deprecated and will be removed in a future release. Use model_max_length instead.
  warnings.warn(
Finished embedding colName
Finished embedding datasetName
Finished embedding description
Time to embed 550.647
Each processor has at most 1 jobs
--------------------------------------------------------------------------
mpirun noticed that process rank 0 with PID 132672 on node m9g-1-3 exited on signal 9 (Killed).
--------------------------------------------------------------------------
slurmstepd: error: Detected 1 oom-kill event(s) in step 37078325.batch cgroup. Some of your processes may have been killed by the cgroup out-of-memory handler.
